<?xml version="1.0" encoding="UTF-8"?>
<!-- Generated by org.testng.reporters.JUnitReportReporter -->
<testsuite hostname="LTIN283107" failures="0" tests="6" name="test_Book.BaseClass" time="121.657" errors="0" timestamp="2024-03-11T16:55:03 IST" skipped="0">
  <testcase classname="test_Book.BaseClass" name="VerifyWebsite" time="20.872"/>
  <testcase classname="test_Book.BaseClass" name="displayBookShelves" time="39.454"/>
  <testcase classname="test_Book.BaseClass" name="ByAtHome" time="22.343"/>
  <testcase classname="test_Book.BaseClass" name="giftCard" time="14.294"/>
  <testcase classname="test_Book.BaseClass" name="giftCardformNegative" time="13.290"/>
  <testcase classname="test_Book.BaseClass" name="giftCardformPositive" time="11.404"/>
</testsuite> <!-- test_Book.BaseClass -->
