<?xml version="1.0" encoding="UTF-8"?>
<!-- Generated by org.testng.reporters.JUnitReportReporter -->
<testsuite hostname="LTIN283107" failures="0" tests="6" name="test_Book.BaseClass" time="135.293" errors="0" timestamp="2024-03-06T15:07:15 IST" skipped="0">
  <testcase classname="test_Book.BaseClass" name="VerifyWebsite" time="20.780"/>
  <testcase classname="test_Book.BaseClass" name="displayBookShelves" time="46.766"/>
  <testcase classname="test_Book.BaseClass" name="ByAtHome" time="22.995"/>
  <testcase classname="test_Book.BaseClass" name="giftCard" time="18.458"/>
  <testcase classname="test_Book.BaseClass" name="giftCardformNegative" time="14.764"/>
  <testcase classname="test_Book.BaseClass" name="giftCardformPositive" time="11.530"/>
</testsuite> <!-- test_Book.BaseClass -->
